[blog] Info	2022-05-08 08:36:37 [NestFactory] Starting Nest application... - {}
[blog] Info	2022-05-08 08:36:37 [InstanceLoader] OrmModule dependencies initialized - {}
[blog] Info	2022-05-08 08:36:37 [InstanceLoader] ConfiguredDatabaseModule dependencies initialized - {}
[blog] Info	2022-05-08 08:36:37 [InstanceLoader] TypeOrmModule dependencies initialized - {}
[blog] Info	2022-05-08 08:36:37 [InstanceLoader] MulterModule dependencies initialized - {}
[blog] Info	2022-05-08 08:36:37 [InstanceLoader] MicroServicesModule dependencies initialized - {}
[blog] Info	2022-05-08 08:36:37 [InstanceLoader] HttpModule dependencies initialized - {}
[blog] Info	2022-05-08 08:36:37 [InstanceLoader] ConfigHostModule dependencies initialized - {}
[blog] Info	2022-05-08 08:36:37 [InstanceLoader] TerminusModule dependencies initialized - {}
[blog] Info	2022-05-08 08:36:37 [InstanceLoader] ConfigModule dependencies initialized - {}
[blog] Info	2022-05-08 08:36:37 [InstanceLoader] ConfigModule dependencies initialized - {}
[blog] Info	2022-05-08 08:36:37 [InstanceLoader] AesModule dependencies initialized - {}
[blog] Info	2022-05-08 08:36:37 [InstanceLoader] MailModule dependencies initialized - {}
[blog] Info	2022-05-08 08:36:37 [InstanceLoader] JwtModule dependencies initialized - {}
[blog] Info	2022-05-08 08:36:38 [InstanceLoader] TypeOrmCoreModule dependencies initialized - {}
[blog] Info	2022-05-08 08:36:38 [InstanceLoader] TypeOrmModule dependencies initialized - {}
[blog] Info	2022-05-08 08:36:38 [InstanceLoader] AdminModule dependencies initialized - {}
[blog] Info	2022-05-08 08:36:38 [InstanceLoader] ProfileModule dependencies initialized - {}
[blog] Info	2022-05-08 08:36:38 [InstanceLoader] UserModule dependencies initialized - {}
[blog] Info	2022-05-08 08:36:38 [InstanceLoader] FirstCategoryModule dependencies initialized - {}
[blog] Info	2022-05-08 08:36:38 [InstanceLoader] SecondCategoryModule dependencies initialized - {}
[blog] Info	2022-05-08 08:36:38 [InstanceLoader] PostViewCountModule dependencies initialized - {}
[blog] Info	2022-05-08 08:36:38 [InstanceLoader] PostModule dependencies initialized - {}
[blog] Info	2022-05-08 08:36:38 [InstanceLoader] ImageModule dependencies initialized - {}
[blog] Info	2022-05-08 08:36:38 [InstanceLoader] AuthModule dependencies initialized - {}
[blog] Info	2022-05-08 08:36:38 [InstanceLoader] PostsModule dependencies initialized - {}
[blog] Info	2022-05-08 08:36:38 [InstanceLoader] AppModule dependencies initialized - {}
[blog] Info	2022-05-08 08:36:38 [RoutesResolver] AppController {}: - {}
[blog] Info	2022-05-08 08:36:38 [RouterExplorer] Mapped {, GET} route - {}
[blog] Info	2022-05-08 08:36:38 [RoutesResolver] HealthCheckController {/health-check}: - {}
[blog] Info	2022-05-08 08:36:38 [RouterExplorer] Mapped {/health-check, GET} route - {}
[blog] Info	2022-05-08 08:36:38 [RoutesResolver] AuthController {/auth}: - {}
[blog] Info	2022-05-08 08:36:38 [RouterExplorer] Mapped {/auth/login, POST} route - {}
[blog] Info	2022-05-08 08:36:38 [RouterExplorer] Mapped {/auth/send-auth-code, POST} route - {}
[blog] Info	2022-05-08 08:36:38 [RouterExplorer] Mapped {/auth/verify-auth-code, POST} route - {}
[blog] Info	2022-05-08 08:36:38 [RouterExplorer] Mapped {/auth/signup, POST} route - {}
[blog] Info	2022-05-08 08:36:38 [RoutesResolver] PostsController {/posts}: - {}
[blog] Info	2022-05-08 08:36:38 [RouterExplorer] Mapped {/posts/:id, GET} route - {}
[blog] Info	2022-05-08 08:36:38 [RouterExplorer] Mapped {/posts/:id, PATCH} route - {}
[blog] Info	2022-05-08 08:36:38 [RouterExplorer] Mapped {/posts/:id, DELETE} route - {}
[blog] Info	2022-05-08 08:36:38 [RouterExplorer] Mapped {/posts, POST} route - {}
[blog] Info	2022-05-08 08:36:38 [RouterExplorer] Mapped {/posts, GET} route - {}
[blog] Info	2022-05-08 08:36:38 [RoutesResolver] ImageController {/image}: - {}
[blog] Info	2022-05-08 08:36:38 [RouterExplorer] Mapped {/image/upload, POST} route - {}
[blog] Info	2022-05-08 08:36:38 [NestApplication] Nest application successfully started - {}
